<?xml version="1.0" encoding="UTF-8"?>
<coverage generated="1762834159063" clover="3.2.0">
  <project timestamp="1762834159063" name="All files">
    <metrics statements="36" coveredstatements="36" conditionals="48" coveredconditionals="48" methods="3" coveredmethods="3" elements="87" coveredelements="87" complexity="0" loc="36" ncloc="36" packages="1" files="2" classes="2"/>
    <file name="loginValidation.js" path="D:\TAILIEU\Assignment 2\FloginFE_BE\frontend\src\utils\loginValidation.js">
      <metrics statements="18" coveredstatements="18" conditionals="22" coveredconditionals="22" methods="2" coveredmethods="2"/>
      <line num="2" count="5" type="cond" truecount="4" falsecount="0"/>
      <line num="3" count="1" type="stmt"/>
      <line num="5" count="4" type="cond" truecount="2" falsecount="0"/>
      <line num="6" count="1" type="stmt"/>
      <line num="8" count="3" type="cond" truecount="2" falsecount="0"/>
      <line num="9" count="1" type="stmt"/>
      <line num="11" count="2" type="cond" truecount="2" falsecount="0"/>
      <line num="12" count="1" type="stmt"/>
      <line num="14" count="1" type="stmt"/>
      <line num="18" count="5" type="cond" truecount="4" falsecount="0"/>
      <line num="19" count="1" type="stmt"/>
      <line num="21" count="4" type="cond" truecount="2" falsecount="0"/>
      <line num="22" count="1" type="stmt"/>
      <line num="24" count="3" type="cond" truecount="2" falsecount="0"/>
      <line num="25" count="1" type="stmt"/>
      <line num="27" count="2" type="cond" truecount="4" falsecount="0"/>
      <line num="28" count="1" type="stmt"/>
      <line num="30" count="1" type="stmt"/>
    </file>
    <file name="productValidation.js" path="D:\TAILIEU\Assignment 2\FloginFE_BE\frontend\src\utils\productValidation.js">
      <metrics statements="18" coveredstatements="18" conditionals="26" coveredconditionals="26" methods="1" coveredmethods="1"/>
      <line num="2" count="9" type="stmt"/>
      <line num="5" count="9" type="cond" truecount="4" falsecount="0"/>
      <line num="6" count="1" type="stmt"/>
      <line num="7" count="8" type="cond" truecount="2" falsecount="0"/>
      <line num="8" count="1" type="stmt"/>
      <line num="12" count="9" type="cond" truecount="4" falsecount="0"/>
      <line num="13" count="1" type="stmt"/>
      <line num="14" count="8" type="cond" truecount="2" falsecount="0"/>
      <line num="15" count="1" type="stmt"/>
      <line num="19" count="9" type="cond" truecount="4" falsecount="0"/>
      <line num="20" count="1" type="stmt"/>
      <line num="21" count="8" type="cond" truecount="2" falsecount="0"/>
      <line num="22" count="1" type="stmt"/>
      <line num="26" count="9" type="cond" truecount="4" falsecount="0"/>
      <line num="27" count="1" type="stmt"/>
      <line num="31" count="9" type="cond" truecount="4" falsecount="0"/>
      <line num="32" count="1" type="stmt"/>
      <line num="35" count="9" type="stmt"/>
    </file>
  </project>
</coverage>
