TN:
SF:src\utils\loginValidation.js
FN:1,validateUsername
FN:17,validatePassword
FNF:2
FNH:2
FNDA:5,validateUsername
FNDA:5,validatePassword
DA:2,5
DA:3,1
DA:5,4
DA:6,1
DA:8,3
DA:9,1
DA:11,2
DA:12,1
DA:14,1
DA:18,5
DA:19,1
DA:21,4
DA:22,1
DA:24,3
DA:25,1
DA:27,2
DA:28,1
DA:30,1
LF:18
LH:18
BRDA:2,0,0,1
BRDA:2,0,1,4
BRDA:2,1,0,5
BRDA:2,1,1,4
BRDA:5,2,0,1
BRDA:5,2,1,3
BRDA:8,3,0,1
BRDA:8,3,1,2
BRDA:11,4,0,1
BRDA:11,4,1,1
BRDA:18,5,0,1
BRDA:18,5,1,4
BRDA:18,6,0,5
BRDA:18,6,1,4
BRDA:21,7,0,1
BRDA:21,7,1,3
BRDA:24,8,0,1
BRDA:24,8,1,2
BRDA:27,9,0,1
BRDA:27,9,1,1
BRDA:27,10,0,2
BRDA:27,10,1,2
BRF:22
BRH:22
end_of_record
TN:
SF:src\utils\productValidation.js
FN:1,validateProduct
FNF:1
FNH:1
FNDA:9,validateProduct
DA:2,9
DA:5,9
DA:6,1
DA:7,8
DA:8,1
DA:12,9
DA:13,1
DA:14,8
DA:15,1
DA:19,9
DA:20,1
DA:21,8
DA:22,1
DA:26,9
DA:27,1
DA:31,9
DA:32,1
DA:35,9
LF:18
LH:18
BRDA:5,0,0,1
BRDA:5,0,1,8
BRDA:5,1,0,9
BRDA:5,1,1,8
BRDA:7,2,0,1
BRDA:7,2,1,7
BRDA:12,3,0,1
BRDA:12,3,1,8
BRDA:12,4,0,9
BRDA:12,4,1,8
BRDA:14,5,0,1
BRDA:14,5,1,7
BRDA:19,6,0,1
BRDA:19,6,1,8
BRDA:19,7,0,9
BRDA:19,7,1,8
BRDA:21,8,0,1
BRDA:21,8,1,7
BRDA:26,9,0,1
BRDA:26,9,1,8
BRDA:26,10,0,9
BRDA:26,10,1,2
BRDA:31,11,0,1
BRDA:31,11,1,8
BRDA:31,12,0,9
BRDA:31,12,1,8
BRF:26
BRH:26
end_of_record
